2021-11-04 10:05:09,924 INFO  main                             - 
Found 0 SOFABoot component health checkers:
Found 1 HealthIndicator checkers:
class org.springframework.boot.actuate.health.DiskSpaceHealthIndicator

2021-11-04 10:05:09,925 INFO  main                             - Begin first phase of the readiness check
2021-11-04 10:05:09,926 INFO  main                             - Begin SpringContext readiness check.
2021-11-04 10:05:09,926 INFO  main                             - SpringContext readiness check result: success.
2021-11-04 10:05:09,926 INFO  main                             - Begin SOFABoot component readiness check.
2021-11-04 10:05:09,926 INFO  main                             - SOFABoot component readiness check result: success.
2021-11-04 10:05:09,926 INFO  main                             - Begin HealthIndicator readiness check.
2021-11-04 10:05:09,927 INFO  main                             - HealthIndicator (class org.springframework.boot.actuate.health.DiskSpaceHealthIndicator)check success.
2021-11-04 10:05:09,927 INFO  main                             - Readiness check HealthIndicator result: success.
2021-11-04 10:05:09,927 INFO  main                             - first phase of the readiness check result: success
2021-11-04 10:05:09,927 INFO  main                             - Begin second phase of the readiness check
2021-11-04 10:05:09,927 INFO  main                             - Begin SofaBootMiddlewareAfterReadinessCheckCallback readiness check
2021-11-04 10:05:09,927 INFO  main                             - SofaBootMiddlewareAfterReadinessCheckCallback readiness check result: success.
2021-11-04 10:05:09,927 INFO  main                             - Begin SofaBootAfterReadinessCheckCallback readiness check
2021-11-04 10:05:09,928 INFO  main                             - SofaBootAfterReadinessCheckCallback readiness check result: success.
2021-11-04 10:05:09,928 INFO  main                             - SOFABoot readiness check callback : success.
2021-11-04 10:05:09,928 INFO  main                             - second phase of the readiness check result: success
2021-11-04 10:05:09,928 INFO  main                             - Readiness check result: success
2021-11-04 14:06:18,478 INFO  main                             - 
Found 0 SOFABoot component health checkers:
Found 1 HealthIndicator checkers:
class org.springframework.boot.actuate.health.DiskSpaceHealthIndicator

2021-11-04 14:06:18,479 INFO  main                             - Begin first phase of the readiness check
2021-11-04 14:06:18,480 INFO  main                             - Begin SpringContext readiness check.
2021-11-04 14:06:18,480 INFO  main                             - SpringContext readiness check result: success.
2021-11-04 14:06:18,480 INFO  main                             - Begin SOFABoot component readiness check.
2021-11-04 14:06:18,480 INFO  main                             - SOFABoot component readiness check result: success.
2021-11-04 14:06:18,480 INFO  main                             - Begin HealthIndicator readiness check.
2021-11-04 14:06:18,481 INFO  main                             - HealthIndicator (class org.springframework.boot.actuate.health.DiskSpaceHealthIndicator)check success.
2021-11-04 14:06:18,481 INFO  main                             - Readiness check HealthIndicator result: success.
2021-11-04 14:06:18,481 INFO  main                             - first phase of the readiness check result: success
2021-11-04 14:06:18,481 INFO  main                             - Begin second phase of the readiness check
2021-11-04 14:06:18,481 INFO  main                             - Begin SofaBootMiddlewareAfterReadinessCheckCallback readiness check
2021-11-04 14:06:18,483 INFO  main                             - SofaBootMiddlewareAfterReadinessCheckCallback readiness check result: success.
2021-11-04 14:06:18,483 INFO  main                             - Begin SofaBootAfterReadinessCheckCallback readiness check
2021-11-04 14:06:18,483 INFO  main                             - SofaBootAfterReadinessCheckCallback readiness check result: success.
2021-11-04 14:06:18,483 INFO  main                             - SOFABoot readiness check callback : success.
2021-11-04 14:06:18,483 INFO  main                             - second phase of the readiness check result: success
2021-11-04 14:06:18,483 INFO  main                             - Readiness check result: success
2021-11-04 14:06:54,986 INFO  http-nio-8080-exec-4             - Begin SOFABoot component readiness check.
2021-11-04 14:06:54,987 INFO  http-nio-8080-exec-4             - SOFABoot component readiness check result: success.
2021-11-04 14:06:54,987 INFO  http-nio-8080-exec-4             - Begin SpringContext readiness check.
2021-11-04 14:06:54,987 INFO  http-nio-8080-exec-4             - SpringContext readiness check result: success.
